<?xml version="1.0" encoding="UTF-8"?>
<!-- Generated by org.testng.reporters.JUnitReportReporter -->
<testsuite hostname="DESKTOP-JBQMMOC" name="Testcases_Analytics.Testcase_Analytics_Clickable_graphs" tests="6" failures="0" timestamp="12 Aug 2022 06:40:33 GMT" time="2059.062" errors="0">
  <testcase name="Testcases_clickable_graphs_best_time_to_post_ig" time="410.425" classname="Testcases_Analytics.Testcase_Analytics_Clickable_graphs"/>
  <testcase name="Testcases_clickable_graphs_Most_Engaging_tweets_TW" time="343.268" classname="Testcases_Analytics.Testcase_Analytics_Clickable_graphs"/>
  <testcase name="Testcases_clickable_graphs_recommanded_post_to_promote_fb" time="305.593" classname="Testcases_Analytics.Testcase_Analytics_Clickable_graphs"/>
  <testcase name="Testcases_clickable_graphs_TopHashTag_ig" time="332.657" classname="Testcases_Analytics.Testcase_Analytics_Clickable_graphs"/>
  <testcase name="Testcases_clickable_graphs_recommanded_post_to_promote_ig" time="349.610" classname="Testcases_Analytics.Testcase_Analytics_Clickable_graphs"/>
  <testcase name="Testcases_clickable_graphs_Most_Engaging_posts_YT" time="317.509" classname="Testcases_Analytics.Testcase_Analytics_Clickable_graphs"/>
</testsuite> <!-- Testcases_Analytics.Testcase_Analytics_Clickable_graphs -->
