<?xml version="1.0" encoding="UTF-8"?>
<!-- Generated by org.testng.reporters.JUnitReportReporter -->
<testsuite hostname="DESKTOP-JBQMMOC" name="Testcases_Reports.Testcases_Create_reports_influencer_camping_All_platform" tests="3" failures="0" timestamp="1 Aug 2022 11:35:20 GMT" time="1952.456" errors="0">
  <testcase name="Testcase_create_influencer_camping_reports_ig_yt_tw" time="452.200" classname="Testcases_Reports.Testcases_Create_reports_influencer_camping_All_platform"/>
  <testcase name="Testcase_create_influencer_camping_reports_instagram_and_youtube" time="452.155" classname="Testcases_Reports.Testcases_Create_reports_influencer_camping_All_platform"/>
  <testcase name="Testcases_Reports_StoryForm_instagram" time="1048.101" classname="Testcases_Reports.Testcases_Create_reports_influencer_camping_All_platform"/>
</testsuite> <!-- Testcases_Reports.Testcases_Create_reports_influencer_camping_All_platform -->
