<?xml version="1.0" encoding="UTF-8"?>
<!-- Generated by org.testng.reporters.JUnitReportReporter -->
<testsuite hostname="DESKTOP-JBQMMOC" name="Testcases_Reports.Testcases_create_report_infltracking_brand_safty" tests="2" failures="0" timestamp="14 Jul 2022 12:01:53 GMT" time="322.851" errors="0">
  <testcase name="Testcases_brand_safty" time="87.301" classname="Testcases_Reports.Testcases_create_report_infltracking_brand_safty"/>
  <testcase name="Testcase_Create_report_brand_safty" time="235.550" classname="Testcases_Reports.Testcases_create_report_infltracking_brand_safty"/>
</testsuite> <!-- Testcases_Reports.Testcases_create_report_infltracking_brand_safty -->
