<?xml version="1.0" encoding="UTF-8"?>
<!-- Generated by org.testng.reporters.JUnitReportReporter -->
<testsuite hostname="DESKTOP-JBQMMOC" name="Testcases_competitor.Testcases_competitior_Main_filtter_and_Delete_bucket" tests="4" failures="0" timestamp="29 Jun 2022 09:23:00 GMT" time="284.682" errors="0">
  <testcase name="Testcase_competition_fillter_IG" time="65.961" classname="Testcases_competitor.Testcases_competitior_Main_filtter_and_Delete_bucket"/>
  <testcase name="Testcase_competition_fillter_FB" time="71.243" classname="Testcases_competitor.Testcases_competitior_Main_filtter_and_Delete_bucket"/>
  <testcase name="Testcase_competition_fillter_TW" time="78.535" classname="Testcases_competitor.Testcases_competitior_Main_filtter_and_Delete_bucket"/>
  <testcase name="Testcase_competition_fillter_YT" time="68.943" classname="Testcases_competitor.Testcases_competitior_Main_filtter_and_Delete_bucket"/>
</testsuite> <!-- Testcases_competitor.Testcases_competitior_Main_filtter_and_Delete_bucket -->
