<?xml version="1.0" encoding="UTF-8"?>
<!-- Generated by org.testng.reporters.JUnitReportReporter -->
<testsuite hostname="DESKTOP-JBQMMOC" name="fluttr.withoutproxy" tests="5" failures="0" timestamp="1 Jul 2022 11:09:53 GMT" time="37.481" errors="0">
  <testcase name="Withoutip" time="7.317" classname="fluttr.withoutproxy"/>
  <testcase name="Withoutip" time="6.409" classname="fluttr.withoutproxy"/>
  <testcase name="Withoutip" time="6.089" classname="fluttr.withoutproxy"/>
  <testcase name="Withoutip" time="6.491" classname="fluttr.withoutproxy"/>
  <testcase name="Withoutip" time="11.175" classname="fluttr.withoutproxy"/>
</testsuite> <!-- fluttr.withoutproxy -->
