<?xml version="1.0" encoding="UTF-8"?>
<!-- Generated by org.testng.reporters.JUnitReportReporter -->
<testsuite hostname="DESKTOP-JBQMMOC" name="Testcases_Influencer_suite.Testcases_influencer_suite_campings" tests="3" failures="0" timestamp="29 Jun 2022 10:42:00 GMT" time="246.219" errors="0">
  <testcase name="Testcases_craete_campings_youtube" time="93.483" classname="Testcases_Influencer_suite.Testcases_influencer_suite_campings"/>
  <testcase name="Testcases_craete_campings_verify_martics" time="77.498" classname="Testcases_Influencer_suite.Testcases_influencer_suite_campings"/>
  <testcase name="Testcases_craete_campings_instagram" time="75.238" classname="Testcases_Influencer_suite.Testcases_influencer_suite_campings"/>
</testsuite> <!-- Testcases_Influencer_suite.Testcases_influencer_suite_campings -->
