<?xml version="1.0" encoding="UTF-8"?>
<!-- Generated by org.testng.reporters.JUnitReportReporter -->
<testsuite hostname="DESKTOP-JBQMMOC" name="Testcases_competitor.Testcases_competitor_All_platform_Mertrics_verification" tests="4" failures="0" timestamp="18 Aug 2022 13:09:55 GMT" time="874.627" errors="0">
  <testcase name="Testcase_competition_all_matrics_YT" time="155.847" classname="Testcases_competitor.Testcases_competitor_All_platform_Mertrics_verification"/>
  <testcase name="Testcase_competition_all_matrics_FB" time="305.846" classname="Testcases_competitor.Testcases_competitor_All_platform_Mertrics_verification"/>
  <testcase name="Testcase_competition_all_matrics_IG" time="128.885" classname="Testcases_competitor.Testcases_competitor_All_platform_Mertrics_verification"/>
  <testcase name="Testcase_competition_all_matrics_TW" time="284.049" classname="Testcases_competitor.Testcases_competitor_All_platform_Mertrics_verification"/>
</testsuite> <!-- Testcases_competitor.Testcases_competitor_All_platform_Mertrics_verification -->
