<?xml version="1.0" encoding="UTF-8"?>
<!-- Generated by org.testng.reporters.JUnitReportReporter -->
<testsuite hostname="DESKTOP-JBQMMOC" name="Testcases_Analytics.Testcase_Analytics_All_platform_Metrics_verification" tests="1" failures="0" timestamp="25 Aug 2022 11:11:52 GMT" time="193.264" errors="0">
  <testcase name="Testcase_Anayltics_Youtube_trials_matrics" time="193.264" classname="Testcases_Analytics.Testcase_Analytics_All_platform_Metrics_verification"/>
</testsuite> <!-- Testcases_Analytics.Testcase_Analytics_All_platform_Metrics_verification -->
