<?xml version="1.0" encoding="UTF-8"?>
<!-- Generated by org.testng.reporters.JUnitReportReporter -->
<testsuite hostname="DESKTOP-JBQMMOC" name="Find_Broken_Links.loaderAction" tests="1" failures="0" timestamp="21 Jul 2022 12:31:31 GMT" time="18.360" errors="0">
  <testcase name="setup" time="18.360" classname="Find_Broken_Links.loaderAction"/>
</testsuite> <!-- Find_Broken_Links.loaderAction -->
