<?xml version="1.0" encoding="UTF-8"?>
<!-- Generated by org.testng.reporters.JUnitReportReporter -->
<testsuite hostname="DESKTOP-JBQMMOC" name="Testcases_Reports.Testcases_Create_reports_Competition_All_platform" tests="1" failures="0" timestamp="20 Aug 2022 12:12:06 GMT" time="645.297" errors="0">
  <testcase name="Testcase_create_compitetors_report_youtube4" time="645.297" classname="Testcases_Reports.Testcases_Create_reports_Competition_All_platform"/>
</testsuite> <!-- Testcases_Reports.Testcases_Create_reports_Competition_All_platform -->
