<?xml version="1.0" encoding="UTF-8"?>
<!-- Generated by org.testng.reporters.JUnitReportReporter -->
<testsuite hostname="DESKTOP-JBQMMOC" name="fluttr.selenium_grid" tests="10" failures="0" timestamp="1 Jul 2022 13:18:12 GMT" time="54.971" errors="0">
  <testcase name="sampleTest" time="7.014" classname="fluttr.selenium_grid"/>
  <testcase name="sampleTest" time="11.407" classname="fluttr.selenium_grid"/>
  <testcase name="sampleTest" time="4.987" classname="fluttr.selenium_grid"/>
  <testcase name="sampleTest" time="4.776" classname="fluttr.selenium_grid"/>
  <testcase name="sampleTest" time="3.789" classname="fluttr.selenium_grid"/>
  <testcase name="sampleTest" time="3.282" classname="fluttr.selenium_grid"/>
  <testcase name="sampleTest" time="4.452" classname="fluttr.selenium_grid"/>
  <testcase name="sampleTest" time="5.844" classname="fluttr.selenium_grid"/>
  <testcase name="sampleTest" time="4.678" classname="fluttr.selenium_grid"/>
  <testcase name="sampleTest" time="4.742" classname="fluttr.selenium_grid"/>
</testsuite> <!-- fluttr.selenium_grid -->
