<?xml version="1.0" encoding="UTF-8"?>
<!-- Generated by org.testng.reporters.JUnitReportReporter -->
<testsuite hostname="DESKTOP-JBQMMOC" name="Testcases_competitor.Testcases_competitor_All_platform_bucket_creation" tests="4" failures="0" timestamp="29 Jul 2022 11:35:11 GMT" time="372.830" errors="0">
  <testcase name="Testcases_competitors_create_bucket_IG" time="108.902" classname="Testcases_competitor.Testcases_competitor_All_platform_bucket_creation"/>
  <testcase name="Testcases_competitors_create_bucket_FB" time="103.602" classname="Testcases_competitor.Testcases_competitor_All_platform_bucket_creation"/>
  <testcase name="Testcases_competitors_create_bucket_TW" time="69.156" classname="Testcases_competitor.Testcases_competitor_All_platform_bucket_creation"/>
  <testcase name="Testcases_competitors_create_bucket_YT" time="91.170" classname="Testcases_competitor.Testcases_competitor_All_platform_bucket_creation"/>
</testsuite> <!-- Testcases_competitor.Testcases_competitor_All_platform_bucket_creation -->
